<?xml version="1.0" encoding="UTF-8"?>
<!-- Generated by org.testng.reporters.JUnitReportReporter -->
<testsuite hostname="LAPTOP-JA4S6SI3" name="com.orbit.reporting.automation.runner.RunCukesTest" tests="1" failures="0" timestamp="30 Nov 2017 08:41:40 GMT" time="42.098" errors="0">
  <testcase name="feature" time="42.098" classname="com.orbit.reporting.automation.runner.RunCukesTest"/>
</testsuite> <!-- com.orbit.reporting.automation.runner.RunCukesTest -->
